2025-06-03 16:26:15,324 - NRV DEBUG: Mesh properties:
2025-06-03 16:26:15,324 - NRV DEBUG: Number of processes : 3
2025-06-03 16:26:15,324 - NRV DEBUG: Number of entities : 36
2025-06-03 16:26:15,324 - NRV DEBUG: Number of nodes : 5039
2025-06-03 16:26:15,324 - NRV DEBUG: Number of elements : 34092
2025-06-03 16:26:15,324 - NRV DEBUG: Static/Quasi-Static electrical current problem
2025-06-03 16:26:15,735 - NRV DEBUG: FEN4NRV: setup the bilinear form
2025-06-03 16:26:15,746 - NRV DEBUG: FEN4NRV: setup the linear form
2025-06-03 16:26:15,765 - NRV DEBUG: Static/Quasi-Static electrical current problem
2025-06-03 16:26:15,765 - NRV DEBUG: FEN4NRV: solving electrical potential
2025-06-03 16:26:19,534 - NRV DEBUG: FEN4NRV: solved in 4.191555023193359 s
2025-06-03 16:26:30,578 - NRV DEBUG: Mesh properties:
2025-06-03 16:26:30,578 - NRV DEBUG: Number of processes : 3
2025-06-03 16:26:30,578 - NRV DEBUG: Number of entities : 36
2025-06-03 16:26:30,578 - NRV DEBUG: Number of nodes : 5595
2025-06-03 16:26:30,579 - NRV DEBUG: Number of elements : 38211
2025-06-03 16:26:30,579 - NRV DEBUG: Static/Quasi-Static electrical current problem
2025-06-03 16:26:31,012 - NRV DEBUG: FEN4NRV: setup the bilinear form
2025-06-03 16:26:31,023 - NRV DEBUG: FEN4NRV: setup the linear form
2025-06-03 16:26:31,025 - NRV DEBUG: Static/Quasi-Static electrical current problem
2025-06-03 16:26:31,026 - NRV DEBUG: FEN4NRV: solving electrical potential
2025-06-03 16:26:34,113 - NRV DEBUG: FEN4NRV: solved in 3.532512903213501 s
2025-06-03 16:26:44,927 - NRV DEBUG: Mesh properties:
2025-06-03 16:26:44,927 - NRV DEBUG: Number of processes : 3
2025-06-03 16:26:44,928 - NRV DEBUG: Number of entities : 36
2025-06-03 16:26:44,928 - NRV DEBUG: Number of nodes : 7475
2025-06-03 16:26:44,928 - NRV DEBUG: Number of elements : 51576
2025-06-03 16:26:44,928 - NRV DEBUG: Static/Quasi-Static electrical current problem
2025-06-03 16:26:45,355 - NRV DEBUG: FEN4NRV: setup the bilinear form
2025-06-03 16:26:45,363 - NRV DEBUG: FEN4NRV: setup the linear form
2025-06-03 16:26:45,364 - NRV DEBUG: Static/Quasi-Static electrical current problem
2025-06-03 16:26:45,365 - NRV DEBUG: FEN4NRV: solving electrical potential
2025-06-03 16:26:49,659 - NRV DEBUG: FEN4NRV: solved in 4.729953765869141 s
2025-06-03 16:27:00,991 - NRV DEBUG: Mesh properties:
2025-06-03 16:27:00,992 - NRV DEBUG: Number of processes : 3
2025-06-03 16:27:00,992 - NRV DEBUG: Number of entities : 36
2025-06-03 16:27:00,992 - NRV DEBUG: Number of nodes : 9273
2025-06-03 16:27:00,992 - NRV DEBUG: Number of elements : 64465
2025-06-03 16:27:00,992 - NRV DEBUG: Static/Quasi-Static electrical current problem
2025-06-03 16:27:01,510 - NRV DEBUG: FEN4NRV: setup the bilinear form
2025-06-03 16:27:01,517 - NRV DEBUG: FEN4NRV: setup the linear form
2025-06-03 16:27:01,519 - NRV DEBUG: Static/Quasi-Static electrical current problem
2025-06-03 16:27:01,519 - NRV DEBUG: FEN4NRV: solving electrical potential
2025-06-03 16:27:07,062 - NRV DEBUG: FEN4NRV: solved in 6.068749666213989 s
2025-06-03 16:27:18,430 - NRV DEBUG: Mesh properties:
2025-06-03 16:27:18,430 - NRV DEBUG: Number of processes : 3
2025-06-03 16:27:18,430 - NRV DEBUG: Number of entities : 36
2025-06-03 16:27:18,430 - NRV DEBUG: Number of nodes : 11237
2025-06-03 16:27:18,430 - NRV DEBUG: Number of elements : 78423
2025-06-03 16:27:18,431 - NRV DEBUG: Static/Quasi-Static electrical current problem
2025-06-03 16:27:19,077 - NRV DEBUG: FEN4NRV: setup the bilinear form
2025-06-03 16:27:19,083 - NRV DEBUG: FEN4NRV: setup the linear form
2025-06-03 16:27:19,085 - NRV DEBUG: Static/Quasi-Static electrical current problem
2025-06-03 16:27:19,086 - NRV DEBUG: FEN4NRV: solving electrical potential
2025-06-03 16:27:25,289 - NRV DEBUG: FEN4NRV: solved in 6.856853723526001 s
2025-06-03 16:27:35,960 - NRV DEBUG: Mesh properties:
2025-06-03 16:27:35,960 - NRV DEBUG: Number of processes : 3
2025-06-03 16:27:35,960 - NRV DEBUG: Number of entities : 36
2025-06-03 16:27:35,960 - NRV DEBUG: Number of nodes : 12255
2025-06-03 16:27:35,960 - NRV DEBUG: Number of elements : 85560
2025-06-03 16:27:35,960 - NRV DEBUG: Static/Quasi-Static electrical current problem
2025-06-03 16:27:36,674 - NRV DEBUG: FEN4NRV: setup the bilinear form
2025-06-03 16:27:36,680 - NRV DEBUG: FEN4NRV: setup the linear form
2025-06-03 16:27:36,682 - NRV DEBUG: Static/Quasi-Static electrical current problem
2025-06-03 16:27:36,682 - NRV DEBUG: FEN4NRV: solving electrical potential
2025-06-03 16:27:44,155 - NRV DEBUG: FEN4NRV: solved in 8.193674087524414 s
2025-06-03 16:27:56,736 - NRV DEBUG: Mesh properties:
2025-06-03 16:27:56,736 - NRV DEBUG: Number of processes : 3
2025-06-03 16:27:56,736 - NRV DEBUG: Number of entities : 36
2025-06-03 16:27:56,736 - NRV DEBUG: Number of nodes : 12843
2025-06-03 16:27:56,736 - NRV DEBUG: Number of elements : 89689
2025-06-03 16:27:56,737 - NRV DEBUG: Static/Quasi-Static electrical current problem
2025-06-03 16:27:57,546 - NRV DEBUG: FEN4NRV: setup the bilinear form
2025-06-03 16:27:57,553 - NRV DEBUG: FEN4NRV: setup the linear form
2025-06-03 16:27:57,555 - NRV DEBUG: Static/Quasi-Static electrical current problem
2025-06-03 16:27:57,555 - NRV DEBUG: FEN4NRV: solving electrical potential
2025-06-03 16:28:05,377 - NRV DEBUG: FEN4NRV: solved in 8.638494968414307 s
2025-06-03 16:28:18,656 - NRV DEBUG: Mesh properties:
2025-06-03 16:28:18,657 - NRV DEBUG: Number of processes : 3
2025-06-03 16:28:18,657 - NRV DEBUG: Number of entities : 36
2025-06-03 16:28:18,657 - NRV DEBUG: Number of nodes : 13733
2025-06-03 16:28:18,657 - NRV DEBUG: Number of elements : 96200
2025-06-03 16:28:18,657 - NRV DEBUG: Static/Quasi-Static electrical current problem
2025-06-03 16:28:19,545 - NRV DEBUG: FEN4NRV: setup the bilinear form
2025-06-03 16:28:19,552 - NRV DEBUG: FEN4NRV: setup the linear form
2025-06-03 16:28:19,554 - NRV DEBUG: Static/Quasi-Static electrical current problem
2025-06-03 16:28:19,555 - NRV DEBUG: FEN4NRV: solving electrical potential
2025-06-03 16:28:28,605 - NRV DEBUG: FEN4NRV: solved in 9.945653200149536 s
2025-06-03 16:28:42,677 - NRV DEBUG: Mesh properties:
2025-06-03 16:28:42,677 - NRV DEBUG: Number of processes : 3
2025-06-03 16:28:42,677 - NRV DEBUG: Number of entities : 36
2025-06-03 16:28:42,677 - NRV DEBUG: Number of nodes : 14357
2025-06-03 16:28:42,678 - NRV DEBUG: Number of elements : 100556
2025-06-03 16:28:42,678 - NRV DEBUG: Static/Quasi-Static electrical current problem
2025-06-03 16:28:43,743 - NRV DEBUG: FEN4NRV: setup the bilinear form
2025-06-03 16:28:43,750 - NRV DEBUG: FEN4NRV: setup the linear form
2025-06-03 16:28:43,753 - NRV DEBUG: Static/Quasi-Static electrical current problem
2025-06-03 16:28:43,753 - NRV DEBUG: FEN4NRV: solving electrical potential
2025-06-03 16:28:53,157 - NRV DEBUG: FEN4NRV: solved in 10.477467060089111 s
2025-06-03 16:29:08,992 - NRV DEBUG: Mesh properties:
2025-06-03 16:29:08,992 - NRV DEBUG: Number of processes : 3
2025-06-03 16:29:08,993 - NRV DEBUG: Number of entities : 36
2025-06-03 16:29:08,993 - NRV DEBUG: Number of nodes : 15701
2025-06-03 16:29:08,993 - NRV DEBUG: Number of elements : 110126
2025-06-03 16:29:08,993 - NRV DEBUG: Static/Quasi-Static electrical current problem
2025-06-03 16:29:10,077 - NRV DEBUG: FEN4NRV: setup the bilinear form
2025-06-03 16:29:10,084 - NRV DEBUG: FEN4NRV: setup the linear form
2025-06-03 16:29:10,087 - NRV DEBUG: Static/Quasi-Static electrical current problem
2025-06-03 16:29:10,087 - NRV DEBUG: FEN4NRV: solving electrical potential
2025-06-03 16:29:20,799 - NRV DEBUG: FEN4NRV: solved in 11.80475926399231 s
2025-06-03 16:29:35,250 - /Users/louisregnacq/miniforge3/envs/nrv-dev/lib/python3.12/site-packages/rich/live.py:231: UserWarning: install "ipywidgets" for Jupyter support
  warnings.warn('install "ipywidgets" for Jupyter support')

2025-06-03 16:29:35,355 - /Users/louisregnacq/miniforge3/envs/nrv-dev/lib/python3.12/site-packages/rich/live.py:231: UserWarning: install "ipywidgets" for Jupyter support
  warnings.warn('install "ipywidgets" for Jupyter support')

2025-06-03 16:29:38,750 - NRV DEBUG: Mesh properties:
2025-06-03 16:29:38,753 - NRV DEBUG: Number of processes : 3
2025-06-03 16:29:38,754 - NRV DEBUG: Number of entities : 36
2025-06-03 16:29:38,756 - NRV DEBUG: Number of nodes : 5577
2025-06-03 16:29:38,758 - NRV DEBUG: Number of elements : 38131
2025-06-03 16:29:38,762 - NRV DEBUG: Static/Quasi-Static electrical current problem
2025-06-03 16:29:39,112 - NRV DEBUG: Mesh properties:
2025-06-03 16:29:39,115 - NRV DEBUG: Number of processes : 3
2025-06-03 16:29:39,119 - NRV DEBUG: Number of entities : 36
2025-06-03 16:29:39,121 - NRV DEBUG: Number of nodes : 5022
2025-06-03 16:29:39,122 - NRV DEBUG: Number of elements : 34007
2025-06-03 16:29:39,126 - NRV DEBUG: Static/Quasi-Static electrical current problem
2025-06-03 16:29:39,428 - NRV DEBUG: Mesh properties:
2025-06-03 16:29:39,447 - NRV DEBUG: Number of processes : 3
2025-06-03 16:29:39,452 - NRV DEBUG: Number of entities : 36
2025-06-03 16:29:39,463 - NRV DEBUG: Number of nodes : 9328
2025-06-03 16:29:39,465 - NRV DEBUG: Number of elements : 64705
2025-06-03 16:29:39,467 - NRV DEBUG: Static/Quasi-Static electrical current problem
2025-06-03 16:29:39,956 - NRV DEBUG: Mesh properties:
2025-06-03 16:29:39,959 - NRV DEBUG: Number of processes : 3
2025-06-03 16:29:39,960 - NRV DEBUG: FEN4NRV: setup the bilinear form
2025-06-03 16:29:39,961 - NRV DEBUG: Number of entities : 36
2025-06-03 16:29:39,962 - NRV DEBUG: Number of nodes : 12245
2025-06-03 16:29:39,964 - NRV DEBUG: Number of elements : 85536
2025-06-03 16:29:39,967 - NRV DEBUG: Static/Quasi-Static electrical current problem
2025-06-03 16:29:39,993 - NRV DEBUG: FEN4NRV: setup the linear form
2025-06-03 16:29:40,003 - NRV DEBUG: Static/Quasi-Static electrical current problem
2025-06-03 16:29:40,005 - NRV DEBUG: FEN4NRV: solving electrical potential
2025-06-03 16:29:40,084 - NRV DEBUG: Mesh properties:
2025-06-03 16:29:40,087 - NRV DEBUG: Number of processes : 3
2025-06-03 16:29:40,088 - NRV DEBUG: Number of entities : 36
2025-06-03 16:29:40,096 - NRV DEBUG: Number of nodes : 7442
2025-06-03 16:29:40,098 - NRV DEBUG: Number of elements : 51319
2025-06-03 16:29:40,103 - NRV DEBUG: Static/Quasi-Static electrical current problem
2025-06-03 16:29:40,112 - NRV DEBUG: Mesh properties:
2025-06-03 16:29:40,121 - NRV DEBUG: Number of processes : 3
2025-06-03 16:29:40,127 - NRV DEBUG: Number of entities : 36
2025-06-03 16:29:40,129 - NRV DEBUG: Number of nodes : 11226
2025-06-03 16:29:40,132 - NRV DEBUG: Number of elements : 78221
2025-06-03 16:29:40,134 - NRV DEBUG: Static/Quasi-Static electrical current problem
2025-06-03 16:29:40,163 - NRV DEBUG: FEN4NRV: setup the bilinear form
2025-06-03 16:29:40,186 - NRV DEBUG: FEN4NRV: setup the linear form
2025-06-03 16:29:40,200 - NRV DEBUG: Static/Quasi-Static electrical current problem
2025-06-03 16:29:40,202 - NRV DEBUG: FEN4NRV: solving electrical potential
2025-06-03 16:29:40,595 - NRV DEBUG: Mesh properties:
2025-06-03 16:29:40,599 - NRV DEBUG: Number of processes : 3
2025-06-03 16:29:40,601 - NRV DEBUG: Number of entities : 36
2025-06-03 16:29:40,603 - NRV DEBUG: Number of nodes : 13684
2025-06-03 16:29:40,604 - NRV DEBUG: Number of elements : 95778
2025-06-03 16:29:40,610 - NRV DEBUG: Static/Quasi-Static electrical current problem
2025-06-03 16:29:41,325 - NRV DEBUG: FEN4NRV: setup the bilinear form
2025-06-03 16:29:41,354 - NRV DEBUG: FEN4NRV: setup the linear form
2025-06-03 16:29:41,411 - NRV DEBUG: Static/Quasi-Static electrical current problem
2025-06-03 16:29:41,425 - NRV DEBUG: FEN4NRV: solving electrical potential
2025-06-03 16:29:41,450 - NRV DEBUG: FEN4NRV: setup the bilinear form
2025-06-03 16:29:41,492 - NRV DEBUG: FEN4NRV: setup the linear form
2025-06-03 16:29:41,513 - NRV DEBUG: Static/Quasi-Static electrical current problem
2025-06-03 16:29:41,515 - NRV DEBUG: FEN4NRV: solving electrical potential
2025-06-03 16:29:43,068 - NRV DEBUG: FEN4NRV: setup the bilinear form
2025-06-03 16:29:43,093 - NRV DEBUG: FEN4NRV: setup the bilinear form
2025-06-03 16:29:43,110 - NRV DEBUG: FEN4NRV: setup the linear form
2025-06-03 16:29:43,129 - NRV DEBUG: Static/Quasi-Static electrical current problem
2025-06-03 16:29:43,131 - NRV DEBUG: FEN4NRV: solving electrical potential
2025-06-03 16:29:43,132 - NRV DEBUG: FEN4NRV: setup the linear form
2025-06-03 16:29:43,166 - NRV DEBUG: Static/Quasi-Static electrical current problem
2025-06-03 16:29:43,168 - NRV DEBUG: Mesh properties:
2025-06-03 16:29:43,168 - NRV DEBUG: FEN4NRV: solving electrical potential
2025-06-03 16:29:43,174 - NRV DEBUG: Number of processes : 3
2025-06-03 16:29:43,177 - NRV DEBUG: Number of entities : 36
2025-06-03 16:29:43,179 - NRV DEBUG: Number of nodes : 14355
2025-06-03 16:29:43,183 - NRV DEBUG: Number of elements : 100537
2025-06-03 16:29:43,186 - NRV DEBUG: Static/Quasi-Static electrical current problem
2025-06-03 16:29:44,820 - NRV DEBUG: FEN4NRV: setup the bilinear form
2025-06-03 16:29:44,854 - NRV DEBUG: FEN4NRV: setup the linear form
2025-06-03 16:29:44,870 - NRV DEBUG: Static/Quasi-Static electrical current problem
2025-06-03 16:29:44,872 - NRV DEBUG: FEN4NRV: solving electrical potential
2025-06-03 16:29:45,713 - NRV DEBUG: Mesh properties:
2025-06-03 16:29:45,716 - NRV DEBUG: Number of processes : 3
2025-06-03 16:29:45,717 - NRV DEBUG: Number of entities : 36
2025-06-03 16:29:45,719 - NRV DEBUG: Number of nodes : 15721
2025-06-03 16:29:45,721 - NRV DEBUG: Number of elements : 110271
2025-06-03 16:29:45,726 - NRV DEBUG: Static/Quasi-Static electrical current problem
2025-06-03 16:29:47,042 - NRV DEBUG: FEN4NRV: setup the bilinear form
2025-06-03 16:29:47,066 - NRV DEBUG: FEN4NRV: setup the linear form
2025-06-03 16:29:47,080 - NRV DEBUG: Static/Quasi-Static electrical current problem
2025-06-03 16:29:47,082 - NRV DEBUG: FEN4NRV: solving electrical potential
2025-06-03 16:29:49,191 - NRV DEBUG: FEN4NRV: setup the bilinear form
2025-06-03 16:29:49,224 - NRV DEBUG: FEN4NRV: setup the linear form
2025-06-03 16:29:49,235 - NRV DEBUG: Static/Quasi-Static electrical current problem
2025-06-03 16:29:49,237 - NRV DEBUG: FEN4NRV: solving electrical potential
2025-06-03 16:29:50,994 - NRV DEBUG: FEN4NRV: solved in 11.85648775100708 s
2025-06-03 16:29:51,656 - NRV DEBUG: FEN4NRV: solved in 12.887359857559204 s
2025-06-03 16:29:57,227 - NRV DEBUG: FEN4NRV: solved in 17.10741400718689 s
2025-06-03 16:30:00,580 - NRV DEBUG: FEN4NRV: solved in 21.07847833633423 s
2025-06-03 16:30:05,114 - NRV DEBUG: FEN4NRV: solved in 24.972097396850586 s
2025-06-03 16:30:07,959 - NRV DEBUG: FEN4NRV: solved in 27.960577249526978 s
2025-06-03 16:30:12,245 - NRV DEBUG: FEN4NRV: solved in 31.62630796432495 s
2025-06-03 16:30:15,369 - NRV DEBUG: FEN4NRV: solved in 32.17239594459534 s
2025-06-03 16:30:20,327 - NRV DEBUG: FEN4NRV: solved in 34.59099006652832 s
